<?xml version="1.0" encoding="UTF-8"?>
<testsuite name="exercise.AppTest" tests="6" skipped="0" failures="0" errors="0" timestamp="2022-06-08T12:12:02" hostname="evgeny-All-Series" time="0.68">
  <properties/>
  <testcase name="testCompaniesFilterEmpty()" classname="exercise.AppTest" time="0.395"/>
  <testcase name="testCompaniesFilter1()" classname="exercise.AppTest" time="0.049"/>
  <testcase name="testCompaniesFilter2()" classname="exercise.AppTest" time="0.078"/>
  <testcase name="testCompaniesFilter3()" classname="exercise.AppTest" time="0.07"/>
  <testcase name="testWelcome()" classname="exercise.AppTest" time="0.006"/>
  <testcase name="testCompaniesAll()" classname="exercise.AppTest" time="0.077"/>
  <system-out><![CDATA[]]></system-out>
  <system-err><![CDATA[июн. 08, 2022 7:12:02 PM org.apache.coyote.AbstractProtocol init
INFO: Initializing ProtocolHandler ["http-nio-auto-1"]
июн. 08, 2022 7:12:02 PM org.apache.tomcat.util.net.NioSelectorPool getSharedSelector
INFO: Using a shared selector for servlet write/read
июн. 08, 2022 7:12:02 PM org.apache.catalina.core.StandardService startInternal
INFO: Starting service [Tomcat]
июн. 08, 2022 7:12:02 PM org.apache.catalina.core.StandardEngine startInternal
INFO: Starting Servlet engine: [Apache Tomcat/8.5.69]
июн. 08, 2022 7:12:02 PM org.apache.coyote.AbstractProtocol start
INFO: Starting ProtocolHandler ["http-nio-auto-1-35883"]
SLF4J: Failed to load class "org.slf4j.impl.StaticLoggerBinder".
SLF4J: Defaulting to no-operation (NOP) logger implementation
SLF4J: See http://www.slf4j.org/codes.html#StaticLoggerBinder for further details.
июн. 08, 2022 7:12:03 PM org.apache.coyote.AbstractProtocol pause
INFO: Pausing ProtocolHandler ["http-nio-auto-1-35883"]
июн. 08, 2022 7:12:03 PM org.apache.catalina.core.StandardService stopInternal
INFO: Stopping service [Tomcat]
июн. 08, 2022 7:12:03 PM org.apache.catalina.loader.WebappClassLoaderBase clearReferencesObjectStreamClassCaches
WARNING: When running on Java 9 or later you need to add "--add-opens=java.base/java.io=null" to the JVM command line arguments to enable ObjectStream cache memory leak protection. Alternatively, you can suppress this warning by disabling ObjectStream class cache memory leak protection.
июн. 08, 2022 7:12:03 PM org.apache.catalina.loader.WebappClassLoaderBase clearReferencesRmiTargets
WARNING: When running on Java 9 or later you need to add "--add-opens=java.rmi/sun.rmi.transport=null" to the JVM command line arguments to enable RMI Target memory leak detection. Alternatively, you can suppress this warning by disabling RMI Target memory leak detection.
июн. 08, 2022 7:12:03 PM org.apache.coyote.AbstractProtocol stop
INFO: Stopping ProtocolHandler ["http-nio-auto-1-35883"]
]]></system-err>
</testsuite>
